0 info it worked if it ends with ok
1 verbose cli [ 'node', '/usr/local/bin/npm', 'install', '-g', 'ios-deploy' ]
2 info using npm@2.10.1
3 info using node@v0.12.4
4 verbose install initial load of /usr/local/lib/package.json
5 verbose readDependencies loading dependencies from /usr/local/lib/package.json
6 silly cache add args [ 'ios-deploy', null ]
7 verbose cache add spec ios-deploy
8 silly cache add parsed spec { raw: 'ios-deploy',
8 silly cache add   scope: null,
8 silly cache add   name: 'ios-deploy',
8 silly cache add   rawSpec: '',
8 silly cache add   spec: '*',
8 silly cache add   type: 'range' }
9 silly addNamed ios-deploy@*
10 verbose addNamed "*" is a valid semver range for ios-deploy
11 silly addNameRange { name: 'ios-deploy', range: '*', hasData: false }
12 silly mapToRegistry name ios-deploy
13 silly mapToRegistry using default registry
14 silly mapToRegistry registry https://registry.npmjs.org/
15 silly mapToRegistry uri https://registry.npmjs.org/ios-deploy
16 verbose addNameRange registry:https://registry.npmjs.org/ios-deploy not in flight; fetching
17 verbose request uri https://registry.npmjs.org/ios-deploy
18 verbose request no auth needed
19 info attempt registry request try #1 at 19:07:50
20 verbose request id c150488f8dc05817
21 http request GET https://registry.npmjs.org/ios-deploy
22 http 200 https://registry.npmjs.org/ios-deploy
23 silly get cb [ 200,
23 silly get   { server: 'CouchDB/1.5.0 (Erlang OTP/R16B03)',
23 silly get     etag: '"4ZU8WR1DBHVI68KV8FITWX1LI"',
23 silly get     'content-type': 'application/json',
23 silly get     'cache-control': 'max-age=60',
23 silly get     'content-length': '27015',
23 silly get     'accept-ranges': 'bytes',
23 silly get     date: 'Wed, 16 Sep 2015 11:07:51 GMT',
23 silly get     via: '1.1 varnish',
23 silly get     age: '0',
23 silly get     connection: 'keep-alive',
23 silly get     'x-served-by': 'cache-nrt6124-NRT',
23 silly get     'x-cache': 'HIT',
23 silly get     'x-cache-hits': '1',
23 silly get     'x-timer': 'S1442401671.572920,VS0,VE182',
23 silly get     vary: 'Accept' } ]
24 verbose get saving ios-deploy to /Users/ff/.npm/registry.npmjs.org/ios-deploy/.cache.json
25 silly addNameRange number 2 { name: 'ios-deploy', range: '*', hasData: true }
26 silly addNameRange versions [ 'ios-deploy',
26 silly addNameRange   [ '1.0.1',
26 silly addNameRange     '1.0.2',
26 silly addNameRange     '1.0.3',
26 silly addNameRange     '1.0.4',
26 silly addNameRange     '1.0.5',
26 silly addNameRange     '1.0.6',
26 silly addNameRange     '1.0.7',
26 silly addNameRange     '1.0.8',
26 silly addNameRange     '1.0.9',
26 silly addNameRange     '1.1.0',
26 silly addNameRange     '1.2.0',
26 silly addNameRange     '1.3.0',
26 silly addNameRange     '1.3.1',
26 silly addNameRange     '1.3.2',
26 silly addNameRange     '1.4.0',
26 silly addNameRange     '1.5.0',
26 silly addNameRange     '1.6.0',
26 silly addNameRange     '1.6.1',
26 silly addNameRange     '1.6.2',
26 silly addNameRange     '1.6.3',
26 silly addNameRange     '1.7.0' ] ]
27 silly addNamed ios-deploy@1.7.0
28 verbose addNamed "1.7.0" is a plain semver version for ios-deploy
29 silly mapToRegistry name ios-deploy
30 silly mapToRegistry using default registry
31 silly mapToRegistry registry https://registry.npmjs.org/
32 silly mapToRegistry uri https://registry.npmjs.org/ios-deploy
33 verbose addRemoteTarball https://registry.npmjs.org/ios-deploy/-/ios-deploy-1.7.0.tgz not in flight; adding
34 verbose addRemoteTarball [ 'https://registry.npmjs.org/ios-deploy/-/ios-deploy-1.7.0.tgz',
34 verbose addRemoteTarball   '8dfbce5c23ea74e77cb12870b2e72a3af8e1db91' ]
35 info retry fetch attempt 1 at 19:07:52
36 info attempt registry request try #1 at 19:07:52
37 http fetch GET https://registry.npmjs.org/ios-deploy/-/ios-deploy-1.7.0.tgz
38 http fetch 200 https://registry.npmjs.org/ios-deploy/-/ios-deploy-1.7.0.tgz
39 silly fetchAndShaCheck shasum 8dfbce5c23ea74e77cb12870b2e72a3af8e1db91
40 verbose addTmpTarball /var/folders/v_/ckq4lnmx5759119rplw0lfp80000gr/T/npm-1591-9dfd0e7e/registry.npmjs.org/ios-deploy/-/ios-deploy-1.7.0.tgz not in flight; adding
41 verbose addTmpTarball already have metadata; skipping unpack for ios-deploy@1.7.0
42 silly cache afterAdd ios-deploy@1.7.0
43 verbose afterAdd /Users/ff/.npm/ios-deploy/1.7.0/package/package.json not in flight; writing
44 verbose afterAdd /Users/ff/.npm/ios-deploy/1.7.0/package/package.json written
45 silly install resolved [ { name: 'ios-deploy',
45 silly install resolved     version: '1.7.0',
45 silly install resolved     os: [ 'darwin' ],
45 silly install resolved     description: 'launch iOS apps iOS devices from the command line (Xcode 6)',
45 silly install resolved     main: 'ios-deploy',
45 silly install resolved     scripts: { preinstall: 'make ios-deploy' },
45 silly install resolved     bin: { 'ios-deploy': './ios-deploy' },
45 silly install resolved     repository:
45 silly install resolved      { type: 'git',
45 silly install resolved        url: 'git+https://github.com/phonegap/ios-deploy.git' },
45 silly install resolved     keywords: [ 'ios-deploy', 'deploy to iOS device' ],
45 silly install resolved     author: { name: 'Greg Hughes' },
45 silly install resolved     license: 'GPLv3',
45 silly install resolved     gitHead: '6d61b7ca7c0ff16caea4e87a91ee7535db888621',
45 silly install resolved     bugs: { url: 'https://github.com/phonegap/ios-deploy/issues' },
45 silly install resolved     homepage: 'https://github.com/phonegap/ios-deploy#readme',
45 silly install resolved     _id: 'ios-deploy@1.7.0',
45 silly install resolved     _shasum: '8dfbce5c23ea74e77cb12870b2e72a3af8e1db91',
45 silly install resolved     _from: 'ios-deploy@*',
45 silly install resolved     _npmVersion: '2.9.1',
45 silly install resolved     _nodeVersion: '0.10.30',
45 silly install resolved     _npmUser: { name: 'shazron', email: 'shazron@gmail.com' },
45 silly install resolved     maintainers: [ [Object], [Object], [Object] ],
45 silly install resolved     dist:
45 silly install resolved      { shasum: '8dfbce5c23ea74e77cb12870b2e72a3af8e1db91',
45 silly install resolved        tarball: 'http://registry.npmjs.org/ios-deploy/-/ios-deploy-1.7.0.tgz' },
45 silly install resolved     directories: {},
45 silly install resolved     _resolved: 'https://registry.npmjs.org/ios-deploy/-/ios-deploy-1.7.0.tgz' } ]
46 info install ios-deploy@1.7.0 into /usr/local/lib
47 info installOne ios-deploy@1.7.0
48 verbose installOne of ios-deploy to /usr/local/lib not in flight; installing
49 verbose lock using /Users/ff/.npm/_locks/ios-deploy-198957223cd98201.lock for /usr/local/lib/node_modules/ios-deploy
50 silly install write writing ios-deploy 1.7.0 to /usr/local/lib/node_modules/ios-deploy
51 verbose unbuild lib/node_modules/ios-deploy
52 silly gentlyRm /usr/local/lib/node_modules/ios-deploy is being purged from base /usr/local
53 verbose gentlyRm don't care about contents; nuking /usr/local/lib/node_modules/ios-deploy
54 verbose tar unpack /Users/ff/.npm/ios-deploy/1.7.0/package.tgz
55 verbose tar unpacking to /usr/local/lib/node_modules/ios-deploy
56 silly gentlyRm /usr/local/lib/node_modules/ios-deploy is being purged
57 verbose gentlyRm don't care about contents; nuking /usr/local/lib/node_modules/ios-deploy
58 silly gunzTarPerm modes [ '755', '644' ]
59 error tar.unpack untar error /Users/ff/.npm/ios-deploy/1.7.0/package.tgz
60 verbose unlock done using /Users/ff/.npm/_locks/ios-deploy-198957223cd98201.lock for /usr/local/lib/node_modules/ios-deploy
61 verbose fstream_path /usr/local/lib/node_modules/ios-deploy
62 verbose fstream_type Directory
63 verbose fstream_class DirWriter
64 verbose stack Error: EACCES, mkdir '/usr/local/lib/node_modules/ios-deploy'
64 verbose stack     at Error (native)
65 verbose fstream_stack /usr/local/lib/node_modules/npm/node_modules/fstream/lib/dir-writer.js:35:25
65 verbose fstream_stack /usr/local/lib/node_modules/npm/node_modules/mkdirp/index.js:47:53
65 verbose fstream_stack FSReqWrap.oncomplete (fs.js:95:15)
66 verbose cwd /Users/ff/Desktop/SchoolClienAndroid
67 error Darwin 14.1.0
68 error argv "node" "/usr/local/bin/npm" "install" "-g" "ios-deploy"
69 error node v0.12.4
70 error npm  v2.10.1
71 error path /usr/local/lib/node_modules/ios-deploy
72 error code EACCES
73 error errno -13
74 error Error: EACCES, mkdir '/usr/local/lib/node_modules/ios-deploy'
74 error     at Error (native)
74 error  { [Error: EACCES, mkdir '/usr/local/lib/node_modules/ios-deploy']
74 error   errno: -13,
74 error   code: 'EACCES',
74 error   path: '/usr/local/lib/node_modules/ios-deploy',
74 error   fstream_type: 'Directory',
74 error   fstream_path: '/usr/local/lib/node_modules/ios-deploy',
74 error   fstream_class: 'DirWriter',
74 error   fstream_stack:
74 error    [ '/usr/local/lib/node_modules/npm/node_modules/fstream/lib/dir-writer.js:35:25',
74 error      '/usr/local/lib/node_modules/npm/node_modules/mkdirp/index.js:47:53',
74 error      'FSReqWrap.oncomplete (fs.js:95:15)' ] }
75 error Please try running this command again as root/Administrator.
76 verbose exit [ -13, true ]
77 verbose unbuild lib/node_modules/ios-deploy
78 silly gentlyRm /usr/local/lib/node_modules/ios-deploy is being purged from base /usr/local
79 verbose gentlyRm don't care about contents; nuking /usr/local/lib/node_modules/ios-deploy
